\BOOKMARK [1][]{section.1}{Introduction}{}% 1
\BOOKMARK [2][]{subsection.1.1}{Background}{section.1}% 2
\BOOKMARK [2][]{subsection.1.2}{Restatement\040of\040the\040Problem}{section.1}% 3
\BOOKMARK [1][]{section.2}{Problem\040Analysis}{}% 4
\BOOKMARK [1][]{section.3}{Assumptions\040and\040Symbols\040Definitions}{}% 5
\BOOKMARK [2][]{subsection.3.1}{Assumptions}{section.3}% 6
\BOOKMARK [2][]{subsection.3.2}{Symbols\040Definitions}{section.3}% 7
\BOOKMARK [1][]{section.4}{Establishment\040and\040Solution\040of\040Model}{}% 8
\BOOKMARK [2][]{subsection.4.1}{The\040Model\040for\040the\040First\040Question}{section.4}% 9
\BOOKMARK [3][]{subsubsection.4.1.1}{The\040Regional\040Sea\040Temperature\040Model}{subsection.4.1}% 10
\BOOKMARK [3][]{subsubsection.4.1.2}{The\040Result\040of\040Modeling}{subsection.4.1}% 11
\BOOKMARK [2][]{subsection.4.2}{The\040Model\040for\040the\040Second\040Question}{section.4}% 12
\BOOKMARK [3][]{subsubsection.4.2.1}{Preparations\040before\040modeling}{subsection.4.2}% 13
\BOOKMARK [3][]{subsubsection.4.2.2}{The\040Result\040of\040Modeling}{subsection.4.2}% 14
\BOOKMARK [2][]{subsection.4.3}{Feasible\040Strategies\040for\040Local\040Fisheries\040Companies}{section.4}% 15
\BOOKMARK [3][]{subsubsection.4.3.1}{Analysis\040and\040Formula}{subsection.4.3}% 16
\BOOKMARK [3][]{subsubsection.4.3.2}{Proper\040Strategies\040to\040Take}{subsection.4.3}% 17
\BOOKMARK [2][]{subsection.4.4}{Impact\040of\040foreign\040territorial\040seas\040on\040the\040benefits}{section.4}% 18
\BOOKMARK [1][]{section.5}{The\040Evaluation\040of\040Model\040and\040Further\040Discussion}{}% 19
\BOOKMARK [2][]{subsection.5.1}{Strengths}{section.5}% 20
\BOOKMARK [2][]{subsection.5.2}{Weaknesses}{section.5}% 21
\BOOKMARK [2][]{subsection.5.3}{Further\040Application\040and\040Extension}{section.5}% 22
\BOOKMARK [1][]{section.6}{Article\040for\040Hook\040Line\040and\040Sinker\040Magezine}{}% 23
\BOOKMARK [1][]{section.6}{Reference}{}% 24
